<?xml version="1.0" encoding="UTF-8"?>
<testsuite name="cherokee.dictionary.conjugation.ConjugatePresentTense" tests="9" skipped="0" failures="0" errors="0" timestamp="2018-12-13T23:57:26" hostname="standtroopers-iMac.local" time="0.713">
  <properties/>
  <testcase name="testHavePresent" classname="cherokee.dictionary.conjugation.ConjugatePresentTense" time="0.528"/>
  <testcase name="testHiwonihaConjgationIntransitivePresent" classname="cherokee.dictionary.conjugation.ConjugatePresentTense" time="0.031"/>
  <testcase name="testShoes" classname="cherokee.dictionary.conjugation.ConjugatePresentTense" time="0.054"/>
  <testcase name="testHearConjgationTransitivePresent" classname="cherokee.dictionary.conjugation.ConjugatePresentTense" time="0.031"/>
  <testcase name="testGreetPresent" classname="cherokee.dictionary.conjugation.ConjugatePresentTense" time="0.012"/>
  <testcase name="testWantConjgationTransitivePresent" classname="cherokee.dictionary.conjugation.ConjugatePresentTense" time="0.028"/>
  <testcase name="testKillPresent" classname="cherokee.dictionary.conjugation.ConjugatePresentTense" time="0.017"/>
  <testcase name="testAsuhvsgaConjgationIntransitivePresent" classname="cherokee.dictionary.conjugation.ConjugatePresentTense" time="0.008"/>
  <testcase name="testNothing" classname="cherokee.dictionary.conjugation.ConjugatePresentTense" time="0.0"/>
  <system-out><![CDATA[ᏥᏯᎳᏒᏝ
ᎯᏯᎳᏒᏝ
ᏚᎳᏒᏝ
ᎡᎾᎳᏒᏝ
ᎣᏍᏓᎳᏒᏝ
ᎡᏍᏓᎳᏒᏝ
ᎡᏓᎳᏒᏝ
ᎣᏣᎳᏒᏝ
ᎡᏣᎳᏒᏝ
ᎠᎾᎳᏒᏝ
ᎦᏥᏯᎳᏒᏝ
ᎦᎯᏯᎳᏒᏝ
ᏕᎦᎳᏒᏝ
ᎨᎾᎳᏒᏝ
ᎪᏍᏓᎳᏒᏝ
ᎨᏍᏓᎳᏒᏝ
ᎨᏓᎳᏒᏝ
ᎪᏣᎳᏒᏝ
ᎨᏣᎳᏒᏝ
ᏓᎾᎳᏒᏝ
]]></system-out>
  <system-err><![CDATA[]]></system-err>
</testsuite>
