<?xml version="1.0" encoding="UTF-8"?>
<testsuite name="cherokee.dictionary.conjugation.ConjugatePresentTense" tests="8" skipped="0" failures="0" errors="0" timestamp="2018-12-20T03:09:02" hostname="standtroopers-iMac.local" time="0.308">
  <properties/>
  <testcase name="testHavePresent" classname="cherokee.dictionary.conjugation.ConjugatePresentTense" time="0.14"/>
  <testcase name="testHiwonihaConjgationIntransitivePresent" classname="cherokee.dictionary.conjugation.ConjugatePresentTense" time="0.031"/>
  <testcase name="testHearConjgationTransitivePresent" classname="cherokee.dictionary.conjugation.ConjugatePresentTense" time="0.061"/>
  <testcase name="testGreetPresent" classname="cherokee.dictionary.conjugation.ConjugatePresentTense" time="0.012"/>
  <testcase name="testWantConjgationTransitivePresent" classname="cherokee.dictionary.conjugation.ConjugatePresentTense" time="0.027"/>
  <testcase name="testKillPresent" classname="cherokee.dictionary.conjugation.ConjugatePresentTense" time="0.022"/>
  <testcase name="testAsuhvsgaConjgationIntransitivePresent" classname="cherokee.dictionary.conjugation.ConjugatePresentTense" time="0.012"/>
  <testcase name="testNothing" classname="cherokee.dictionary.conjugation.ConjugatePresentTense" time="0.0"/>
  <system-out><![CDATA[]]></system-out>
  <system-err><![CDATA[]]></system-err>
</testsuite>
