<?xml version="1.0" encoding="UTF-8"?>
<testsuite name="cherokee.dictionary.conjugation.FinalSuffixProcessorTest" tests="1" skipped="0" failures="0" errors="0" timestamp="2018-12-13T23:57:26" hostname="standtroopers-iMac.local" time="0.075">
  <properties/>
  <testcase name="testFinalSuffixProcessor" classname="cherokee.dictionary.conjugation.FinalSuffixProcessorTest" time="0.075"/>
  <system-out><![CDATA[]]></system-out>
  <system-err><![CDATA[]]></system-err>
</testsuite>
