<?xml version="1.0" encoding="UTF-8"?>
<testsuite name="cherokee.dictionary.conjugation.ConjugatePastTense" tests="2" skipped="0" failures="0" errors="0" timestamp="2018-12-13T23:57:26" hostname="standtroopers-iMac.local" time="0.004">
  <properties/>
  <testcase name="test" classname="cherokee.dictionary.conjugation.ConjugatePastTense" time="0.001"/>
  <testcase name="testNothing" classname="cherokee.dictionary.conjugation.ConjugatePastTense" time="0.002"/>
  <system-out><![CDATA[]]></system-out>
  <system-err><![CDATA[]]></system-err>
</testsuite>
