<?xml version="1.0" encoding="UTF-8"?>
<testsuite name="cherokee.dictionary.teardownToRoot.TeardownVerbToRootTest" tests="1" skipped="0" failures="0" errors="0" timestamp="2018-12-20T03:09:02" hostname="standtroopers-iMac.local" time="0.0">
  <properties/>
  <testcase name="testTeardown" classname="cherokee.dictionary.teardownToRoot.TeardownVerbToRootTest" time="0.0"/>
  <system-out><![CDATA[]]></system-out>
  <system-err><![CDATA[]]></system-err>
</testsuite>
