<?xml version="1.0" encoding="UTF-8"?>
<testsuite name="cherokee.dictionary.conjugation.WordTest" tests="2" skipped="0" failures="0" errors="0" timestamp="2018-12-13T23:57:27" hostname="standtroopers-iMac.local" time="0.164">
  <properties/>
  <testcase name="testPrefixes" classname="cherokee.dictionary.conjugation.WordTest" time="0.144"/>
  <testcase name="testDiPrefix" classname="cherokee.dictionary.conjugation.WordTest" time="0.02"/>
  <system-out><![CDATA[]]></system-out>
  <system-err><![CDATA[]]></system-err>
</testsuite>
