<?xml version="1.0" encoding="UTF-8"?>
<testsuite name="cherokee.dictionary.addPrefixes.RemovePronounPrefixesTest" tests="4" skipped="0" failures="0" errors="0" timestamp="2018-12-20T03:09:02" hostname="standtroopers-iMac.local" time="0.038">
  <properties/>
  <testcase name="testRemovePronounPrefixesConsonant" classname="cherokee.dictionary.addPrefixes.RemovePronounPrefixesTest" time="0.014"/>
  <testcase name="testRemovePronounPrefixesVowel" classname="cherokee.dictionary.addPrefixes.RemovePronounPrefixesTest" time="0.003"/>
  <testcase name="testRootExtraction" classname="cherokee.dictionary.addPrefixes.RemovePronounPrefixesTest" time="0.018"/>
  <testcase name="testSingle" classname="cherokee.dictionary.addPrefixes.RemovePronounPrefixesTest" time="0.003"/>
  <system-out><![CDATA[]]></system-out>
  <system-err><![CDATA[]]></system-err>
</testsuite>
